<?xml version="1.0" encoding="UTF-8"?>
<testsuite xmlns:xsi="http://www.w3.org/2001/XMLSchema-instance" xsi:noNamespaceSchemaLocation="https://maven.apache.org/surefire/maven-surefire-plugin/xsd/surefire-test-report-3.0.xsd" version="3.0" name="CheckoutPedidoTest" time="0.17" tests="7" errors="0" skipped="0" failures="0">
  <properties>
[...]
</properties>
  <testcase name="validarCashback" classname="CheckoutPedidoTest" time="0.085"/>
  <testcase name="validarFreteGratis" classname="CheckoutPedidoTest" time="0.003"/>
  <testcase name="validarCategoriaELETRONICO" classname="CheckoutPedidoTest" time="0.002"/>
  <testcase name="validarQntPositiva" classname="CheckoutPedidoTest" time="0.003"/>
  <testcase name="validarFretePadrao" classname="CheckoutPedidoTest" time="0.001"/>
  <testcase name="validarFreteRegiao" classname="CheckoutPedidoTest" time="0.002"/>
  <testcase name="validarStatusProduto" classname="CheckoutPedidoTest" time="0.003"/>
</testsuite>